130416 17:04:31 mysqld_safe Starting mysqld daemon with databases from /home/dplummer/src/hijacker/tmp/mysql13
130416 17:04:31 [Warning] The syntax '--log-slow-queries' is deprecated and will be removed in a future release. Please use '--slow-query-log'/'--slow-query-log-file' instead.
130416 17:04:31 InnoDB: The InnoDB memory heap is disabled
130416 17:04:31 InnoDB: Mutexes and rw_locks use GCC atomic builtins
130416 17:04:31 InnoDB: Compressed tables use zlib 1.2.7
130416 17:04:31 InnoDB: Using Linux native AIO
130416 17:04:31 InnoDB: Initializing buffer pool, size = 64.0M
130416 17:04:31 InnoDB: Completed initialization of buffer pool
InnoDB: The first specified data file /home/dplummer/src/hijacker/tmp/mysql13/ibdata1 did not exist:
InnoDB: a new database to be created!
130416 17:04:31  InnoDB: Setting file /home/dplummer/src/hijacker/tmp/mysql13/ibdata1 size to 16 MB
InnoDB: Database physically writes the file full: wait...
130416 17:04:31  InnoDB: Log file /home/dplummer/src/hijacker/tmp/mysql13/ib_logfile0 did not exist: new to be created
InnoDB: Setting log file /home/dplummer/src/hijacker/tmp/mysql13/ib_logfile0 size to 8 MB
InnoDB: Database physically writes the file full: wait...
130416 17:04:31  InnoDB: Log file /home/dplummer/src/hijacker/tmp/mysql13/ib_logfile1 did not exist: new to be created
InnoDB: Setting log file /home/dplummer/src/hijacker/tmp/mysql13/ib_logfile1 size to 8 MB
InnoDB: Database physically writes the file full: wait...
InnoDB: Doublewrite buffer not found: creating new
InnoDB: Doublewrite buffer created
InnoDB: 127 rollback segment(s) active.
InnoDB: Creating foreign key constraint system tables
InnoDB: Foreign key constraint system tables created
130416 17:04:32  InnoDB: Waiting for the background threads to start
130416 17:04:33 Percona XtraDB (http://www.percona.com) 5.5.30-29.3 started; log sequence number 0
130416 17:04:33 [Note] Event Scheduler: Loaded 0 events
130416 17:04:33 [Note] /usr/bin/mysqld: ready for connections.
Version: '5.5.30-log'  socket: '/home/dplummer/src/hijacker/tmp/mysqld_multi.13.sock'  port: 0  Source distribution
130416 17:06:36 [Note] /usr/bin/mysqld: Normal shutdown

130416 17:06:36 [Note] Event Scheduler: Purging the queue. 0 events
130416 17:06:36  InnoDB: Starting shutdown...
130416 17:06:37  InnoDB: Shutdown completed; log sequence number 1597938
130416 17:06:37 [Note] /usr/bin/mysqld: Shutdown complete

130416 17:06:37 mysqld_safe mysqld from pid file /home/dplummer/src/hijacker/tmp/mysql.13.pid ended
130416 17:11:57 mysqld_safe Starting mysqld daemon with databases from /home/dplummer/src/hijacker/example/tmp/mysql13
130416 17:11:57 [Warning] The syntax '--log-slow-queries' is deprecated and will be removed in a future release. Please use '--slow-query-log'/'--slow-query-log-file' instead.
130416 17:11:57 InnoDB: The InnoDB memory heap is disabled
130416 17:11:57 InnoDB: Mutexes and rw_locks use GCC atomic builtins
130416 17:11:57 InnoDB: Compressed tables use zlib 1.2.7
130416 17:11:57 InnoDB: Using Linux native AIO
130416 17:11:57 InnoDB: Initializing buffer pool, size = 64.0M
130416 17:11:57 InnoDB: Completed initialization of buffer pool
130416 17:11:57 InnoDB: highest supported file format is Barracuda.
130416 17:11:57  InnoDB: Waiting for the background threads to start
130416 17:11:58 Percona XtraDB (http://www.percona.com) 5.5.30-29.3 started; log sequence number 1597938
130416 17:11:58 [Note] Event Scheduler: Loaded 0 events
130416 17:11:58 [Note] /usr/bin/mysqld: ready for connections.
Version: '5.5.30-log'  socket: '/home/dplummer/src/hijacker/example/tmp/mysqld_multi.13.sock'  port: 0  Source distribution
130416 17:13:36 [Note] /usr/bin/mysqld: Normal shutdown

130416 17:13:36 [Note] Event Scheduler: Purging the queue. 0 events
130416 17:13:36  InnoDB: Starting shutdown...
130416 17:13:37  InnoDB: Shutdown completed; log sequence number 1597938
130416 17:13:37 [Note] /usr/bin/mysqld: Shutdown complete

130416 17:13:37 mysqld_safe mysqld from pid file /home/dplummer/src/hijacker/example/tmp/mysql.13.pid ended
130416 17:13:44 mysqld_safe Starting mysqld daemon with databases from /home/dplummer/src/hijacker/example/tmp/mysql13
130416 17:13:44 [Warning] The syntax '--log-slow-queries' is deprecated and will be removed in a future release. Please use '--slow-query-log'/'--slow-query-log-file' instead.
130416 17:13:44 InnoDB: The InnoDB memory heap is disabled
130416 17:13:44 InnoDB: Mutexes and rw_locks use GCC atomic builtins
130416 17:13:44 InnoDB: Compressed tables use zlib 1.2.7
130416 17:13:44 InnoDB: Using Linux native AIO
130416 17:13:44 InnoDB: Initializing buffer pool, size = 2.0G
130416 17:13:44 InnoDB: Completed initialization of buffer pool
130416 17:13:44  InnoDB: Operating system error number 13 in a file operation.
InnoDB: The error means mysqld does not have the access rights to
InnoDB: the directory.
InnoDB: File name /var/lib/mysql/ibdata1
InnoDB: File operation call: 'open'.
InnoDB: Cannot continue operation.
130416 17:13:44 mysqld_safe mysqld from pid file /home/dplummer/src/hijacker/example/tmp/mysql.13.pid ended
130416 17:14:46 mysqld_safe Starting mysqld daemon with databases from /home/dplummer/src/hijacker/example/tmp/mysql13
130416 17:14:46 [Warning] The syntax '--log-slow-queries' is deprecated and will be removed in a future release. Please use '--slow-query-log'/'--slow-query-log-file' instead.
130416 17:14:46 [Warning] ignore-builtin-innodb is deprecated and will be removed in future releases.
130416 17:14:46 [ERROR] /usr/bin/mysqld: unknown variable 'innodb_data_home_dir=/var/lib/mysql'
130416 17:14:46 [ERROR] Aborting

130416 17:14:46 [Note] /usr/bin/mysqld: Shutdown complete

130416 17:14:46 mysqld_safe mysqld from pid file /home/dplummer/src/hijacker/example/tmp/mysql.13.pid ended
130416 17:15:34 mysqld_safe Starting mysqld daemon with databases from /home/dplummer/src/hijacker/example/tmp/mysql13
130416 17:15:34 [Warning] The syntax '--log-slow-queries' is deprecated and will be removed in a future release. Please use '--slow-query-log'/'--slow-query-log-file' instead.
130416 17:15:34 [Note] Plugin 'InnoDB' is disabled.
130416 17:15:34 [Note] Event Scheduler: Loaded 0 events
130416 17:15:34 [Note] /usr/bin/mysqld: ready for connections.
Version: '5.5.30-log'  socket: '/home/dplummer/src/hijacker/example/tmp/mysqld_multi.13.sock'  port: 0  Source distribution
130416 17:17:26 [Note] /usr/bin/mysqld: Normal shutdown

130416 17:17:26 [Note] Event Scheduler: Purging the queue. 0 events
130416 17:17:26 [Note] /usr/bin/mysqld: Shutdown complete

130416 17:17:26 mysqld_safe mysqld from pid file /home/dplummer/src/hijacker/example/tmp/mysql.13.pid ended
130416 17:17:32 mysqld_safe Starting mysqld daemon with databases from /home/dplummer/src/hijacker/example/tmp/mysql13
130416 17:17:32 [Warning] The syntax '--log-slow-queries' is deprecated and will be removed in a future release. Please use '--slow-query-log'/'--slow-query-log-file' instead.
130416 17:17:32 [Note] Plugin 'InnoDB' is disabled.
130416 17:17:32 [ERROR] Can't start server : Bind on unix socket: Address already in use
130416 17:17:32 [ERROR] Do you already have another mysqld server running on socket: /var/run/mysqld/mysqld.sock ?
130416 17:17:32 [ERROR] Aborting

130416 17:17:32 [Note] /usr/bin/mysqld: Shutdown complete

130416 17:17:32 mysqld_safe mysqld from pid file /home/dplummer/src/hijacker/example/tmp/mysql.13.pid ended
130416 17:24:55 mysqld_safe Starting mysqld daemon with databases from /home/dplummer/src/hijacker/example/tmp/mysql13
130416 17:24:55 [Warning] The syntax '--log-slow-queries' is deprecated and will be removed in a future release. Please use '--slow-query-log'/'--slow-query-log-file' instead.
130416 17:24:55 [Note] Plugin 'InnoDB' is disabled.
130416 17:24:55 [Note] Event Scheduler: Loaded 0 events
130416 17:24:55 [Note] /usr/bin/mysqld: ready for connections.
Version: '5.5.30-log'  socket: '/home/dplummer/src/hijacker/example/tmp/mysqld_multi.13.sock'  port: 0  Source distribution
130417  9:49:43 [Note] /usr/bin/mysqld: Normal shutdown

130417  9:49:43 [Note] Event Scheduler: Purging the queue. 0 events
130417  9:49:43 [Note] /usr/bin/mysqld: Shutdown complete

130417 09:49:43 mysqld_safe mysqld from pid file /home/dplummer/src/hijacker/example/tmp/mysql.13.pid ended
